c:\users\andre\source\repos\driver1\build\km_intermediates\vc143.pdb
c:\users\andre\source\repos\driver1\build\km_intermediates\main.obj
c:\users\andre\source\repos\driver1\build\km\km.cat
c:\users\andre\source\repos\driver1\build\km.sys
c:\users\andre\source\repos\driver1\build\km.pdb
c:\users\andre\source\repos\driver1\build\km_intermediates\km.inf
c:\users\andre\source\repos\driver1\build\km.cer
c:\users\andre\source\repos\driver1\build\km.inf
c:\users\andre\source\repos\driver1\build\km_intermediates\km.vcxproj.filelistabsolute.txt
c:\users\andre\source\repos\driver1\build\km_intermediates\km.tlog\cl.command.1.tlog
c:\users\andre\source\repos\driver1\build\km_intermediates\km.tlog\cl.items.tlog
c:\users\andre\source\repos\driver1\build\km_intermediates\km.tlog\cl.read.1.tlog
c:\users\andre\source\repos\driver1\build\km_intermediates\km.tlog\cl.write.1.tlog
c:\users\andre\source\repos\driver1\build\km_intermediates\km.tlog\inf2cat-expand.12216.read.1.tlog
c:\users\andre\source\repos\driver1\build\km_intermediates\km.tlog\inf2cat-expand.12216.write.1.tlog
c:\users\andre\source\repos\driver1\build\km_intermediates\km.tlog\inf2cat-expand.14132.read.1.tlog
c:\users\andre\source\repos\driver1\build\km_intermediates\km.tlog\inf2cat-expand.14132.write.1.tlog
c:\users\andre\source\repos\driver1\build\km_intermediates\km.tlog\inf2cat-expand.1672.read.1.tlog
c:\users\andre\source\repos\driver1\build\km_intermediates\km.tlog\inf2cat-expand.1672.write.1.tlog
c:\users\andre\source\repos\driver1\build\km_intermediates\km.tlog\inf2cat-expand.17920.read.1.tlog
c:\users\andre\source\repos\driver1\build\km_intermediates\km.tlog\inf2cat-expand.17920.write.1.tlog
c:\users\andre\source\repos\driver1\build\km_intermediates\km.tlog\inf2cat-expand.20356.read.1.tlog
c:\users\andre\source\repos\driver1\build\km_intermediates\km.tlog\inf2cat-expand.20356.write.1.tlog
c:\users\andre\source\repos\driver1\build\km_intermediates\km.tlog\inf2cat-expand.20832.read.1.tlog
c:\users\andre\source\repos\driver1\build\km_intermediates\km.tlog\inf2cat-expand.20832.write.1.tlog
c:\users\andre\source\repos\driver1\build\km_intermediates\km.tlog\inf2cat-expand.20936.read.1.tlog
c:\users\andre\source\repos\driver1\build\km_intermediates\km.tlog\inf2cat-expand.20936.write.1.tlog
c:\users\andre\source\repos\driver1\build\km_intermediates\km.tlog\inf2cat-expand.21684.read.1.tlog
c:\users\andre\source\repos\driver1\build\km_intermediates\km.tlog\inf2cat-expand.21684.write.1.tlog
c:\users\andre\source\repos\driver1\build\km_intermediates\km.tlog\inf2cat-expand.22608.read.1.tlog
c:\users\andre\source\repos\driver1\build\km_intermediates\km.tlog\inf2cat-expand.22608.write.1.tlog
c:\users\andre\source\repos\driver1\build\km_intermediates\km.tlog\inf2cat-expand.6524.read.1.tlog
c:\users\andre\source\repos\driver1\build\km_intermediates\km.tlog\inf2cat-expand.6524.write.1.tlog
c:\users\andre\source\repos\driver1\build\km_intermediates\km.tlog\inf2cat-expand.7104.read.1.tlog
c:\users\andre\source\repos\driver1\build\km_intermediates\km.tlog\inf2cat-expand.7104.write.1.tlog
c:\users\andre\source\repos\driver1\build\km_intermediates\km.tlog\inf2cat-expand.read.1.tlog
c:\users\andre\source\repos\driver1\build\km_intermediates\km.tlog\inf2cat-expand.write.1.tlog
c:\users\andre\source\repos\driver1\build\km_intermediates\km.tlog\inf2cat.command.1.tlog
c:\users\andre\source\repos\driver1\build\km_intermediates\km.tlog\inf2cat.read.1.tlog
c:\users\andre\source\repos\driver1\build\km_intermediates\km.tlog\inf2cat.write.1.tlog
c:\users\andre\source\repos\driver1\build\km_intermediates\km.tlog\link.command.1.tlog
c:\users\andre\source\repos\driver1\build\km_intermediates\km.tlog\link.read.1.tlog
c:\users\andre\source\repos\driver1\build\km_intermediates\km.tlog\link.write.1.tlog
c:\users\andre\source\repos\driver1\build\km_intermediates\km.tlog\signtool.command.1.tlog
c:\users\andre\source\repos\driver1\build\km_intermediates\km.tlog\signtool.read.1.tlog
c:\users\andre\source\repos\driver1\build\km_intermediates\km.tlog\signtool.timestamp.1.tlog
c:\users\andre\source\repos\driver1\build\km_intermediates\km.tlog\signtool.write.1.tlog
c:\users\andre\source\repos\driver1\build\km_intermediates\km.tlog\stampinf.command.1.tlog
c:\users\andre\source\repos\driver1\build\km_intermediates\km.tlog\stampinf.read.1.tlog
c:\users\andre\source\repos\driver1\build\km_intermediates\km.tlog\stampinf.write.1.tlog
